# JRE version: Java(TM) SE Runtime Environment (8.0_211-b12) (build 1.8.0_211-b12)
# Java VM: Java HotSpot(TM) 64-Bit Server VM (25.211-b12 mixed mode windows-amd64 compressed oops)
Heap:
 PSYoungGen      total 224768K, used 81011K [0x00000000d5d80000, 0x00000000e5b80000, 0x0000000100000000)
  eden space 214016K, 37% used [0x00000000d5d80000,0x00000000dac9cc58,0x00000000e2e80000)
  from space 10752K, 0% used [0x00000000e2e80000,0x00000000e2e80000,0x00000000e3900000)
  to   space 8704K, 0% used [0x00000000e3900000,0x00000000e3900000,0x00000000e4180000)
 ParOldGen       total 58368K, used 11790K [0x0000000081800000, 0x0000000085100000, 0x00000000d5d80000)
  object space 58368K, 20% used [0x0000000081800000,0x0000000082383978,0x0000000085100000)
 Metaspace       used 38272K, capacity 40820K, committed 41176K, reserved 1085440K
  class space    used 5056K, capacity 5530K, committed 5592K, reserved 1048576K
GC Heap History (10 events):
Event: 5.518 GC heap before
{Heap before GC invocations=7 (full 1):
 PSYoungGen      total 71680K, used 66560K [0x00000000d5d80000, 0x00000000def80000, 0x0000000100000000)
  eden space 66560K, 100% used [0x00000000d5d80000,0x00000000d9e80000,0x00000000d9e80000)
  from space 5120K, 0% used [0x00000000d9e80000,0x00000000d9e80000,0x00000000da380000)
  to   space 8192K, 0% used [0x00000000de780000,0x00000000de780000,0x00000000def80000)
 ParOldGen       total 49664K, used 7300K [0x0000000081800000, 0x0000000084880000, 0x00000000d5d80000)
  object space 49664K, 14% used [0x0000000081800000,0x0000000081f212a0,0x0000000084880000)
 Metaspace       used 24636K, capacity 26198K, committed 26496K, reserved 1073152K
  class space    used 3304K, capacity 3633K, committed 3712K, reserved 1048576K
Event: 5.523 GC heap after
Heap after GC invocations=7 (full 1):
 PSYoungGen      total 124928K, used 6215K [0x00000000d5d80000, 0x00000000dee00000, 0x0000000100000000)
  eden space 118272K, 0% used [0x00000000d5d80000,0x00000000d5d80000,0x00000000dd100000)
  from space 6656K, 93% used [0x00000000de780000,0x00000000ded91c48,0x00000000dee00000)
  to   space 8192K, 0% used [0x00000000dde00000,0x00000000dde00000,0x00000000de600000)
 ParOldGen       total 49664K, used 7308K [0x0000000081800000, 0x0000000084880000, 0x00000000d5d80000)
  object space 49664K, 14% used [0x0000000081800000,0x0000000081f232a0,0x0000000084880000)
 Metaspace       used 24636K, capacity 26198K, committed 26496K, reserved 1073152K
  class space    used 3304K, capacity 3633K, committed 3712K, reserved 1048576K
}
Event: 6.044 GC heap before
{Heap before GC invocations=8 (full 1):
 PSYoungGen      total 124928K, used 124487K [0x00000000d5d80000, 0x00000000dee00000, 0x0000000100000000)
  eden space 118272K, 100% used [0x00000000d5d80000,0x00000000dd100000,0x00000000dd100000)
  from space 6656K, 93% used [0x00000000de780000,0x00000000ded91c48,0x00000000dee00000)
  to   space 8192K, 0% used [0x00000000dde00000,0x00000000dde00000,0x00000000de600000)
 ParOldGen       total 49664K, used 7308K [0x0000000081800000, 0x0000000084880000, 0x00000000d5d80000)
  object space 49664K, 14% used [0x0000000081800000,0x0000000081f232a0,0x0000000084880000)
 Metaspace       used 27636K, capacity 29382K, committed 29440K, reserved 1075200K
  class space    used 3694K, capacity 4041K, committed 4096K, reserved 1048576K
Event: 6.074 GC heap after
Heap after GC invocations=8 (full 1):
 PSYoungGen      total 139776K, used 6763K [0x00000000d5d80000, 0x00000000e4180000, 0x0000000100000000)
  eden space 131584K, 0% used [0x00000000d5d80000,0x00000000d5d80000,0x00000000dde00000)
  from space 8192K, 82% used [0x00000000dde00000,0x00000000de49afe8,0x00000000de600000)
  to   space 8704K, 0% used [0x00000000e3900000,0x00000000e3900000,0x00000000e4180000)
 ParOldGen       total 49664K, used 7316K [0x0000000081800000, 0x0000000084880000, 0x00000000d5d80000)
  object space 49664K, 14% used [0x0000000081800000,0x0000000081f252a0,0x0000000084880000)
 Metaspace       used 27636K, capacity 29382K, committed 29440K, reserved 1075200K
  class space    used 3694K, capacity 4041K, committed 4096K, reserved 1048576K
}
Event: 7.388 GC heap before
{Heap before GC invocations=9 (full 1):
 PSYoungGen      total 139776K, used 138347K [0x00000000d5d80000, 0x00000000e4180000, 0x0000000100000000)
  eden space 131584K, 100% used [0x00000000d5d80000,0x00000000dde00000,0x00000000dde00000)
  from space 8192K, 82% used [0x00000000dde00000,0x00000000de49afe8,0x00000000de600000)
  to   space 8704K, 0% used [0x00000000e3900000,0x00000000e3900000,0x00000000e4180000)
 ParOldGen       total 49664K, used 7316K [0x0000000081800000, 0x0000000084880000, 0x00000000d5d80000)
  object space 49664K, 14% used [0x0000000081800000,0x0000000081f252a0,0x0000000084880000)
 Metaspace       used 33107K, capacity 35342K, committed 35416K, reserved 1079296K
  class space    used 4462K, capacity 4887K, committed 4952K, reserved 1048576K
Event: 7.412 GC heap after
Heap after GC invocations=9 (full 1):
 PSYoungGen      total 222720K, used 8699K [0x00000000d5d80000, 0x00000000e5b80000, 0x0000000100000000)
  eden space 214016K, 0% used [0x00000000d5d80000,0x00000000d5d80000,0x00000000e2e80000)
  from space 8704K, 99% used [0x00000000e3900000,0x00000000e417ef78,0x00000000e4180000)
  to   space 10752K, 0% used [0x00000000e2e80000,0x00000000e2e80000,0x00000000e3900000)
 ParOldGen       total 49664K, used 10259K [0x0000000081800000, 0x0000000084880000, 0x00000000d5d80000)
  object space 49664K, 20% used [0x0000000081800000,0x0000000082204c58,0x0000000084880000)
 Metaspace       used 33107K, capacity 35342K, committed 35416K, reserved 1079296K
  class space    used 4462K, capacity 4887K, committed 4952K, reserved 1048576K
}
Event: 7.434 GC heap before
{Heap before GC invocations=10 (full 1):
 PSYoungGen      total 222720K, used 12049K [0x00000000d5d80000, 0x00000000e5b80000, 0x0000000100000000)
  eden space 214016K, 1% used [0x00000000d5d80000,0x00000000d60c5808,0x00000000e2e80000)
  from space 8704K, 99% used [0x00000000e3900000,0x00000000e417ef78,0x00000000e4180000)
  to   space 10752K, 0% used [0x00000000e2e80000,0x00000000e2e80000,0x00000000e3900000)
 ParOldGen       total 49664K, used 10259K [0x0000000081800000, 0x0000000084880000, 0x00000000d5d80000)
  object space 49664K, 20% used [0x0000000081800000,0x0000000082204c58,0x0000000084880000)
 Metaspace       used 33172K, capacity 35354K, committed 35416K, reserved 1079296K
  class space    used 4475K, capacity 4891K, committed 4952K, reserved 1048576K
Event: 7.526 GC heap after
Heap after GC invocations=10 (full 1):
 PSYoungGen      total 224768K, used 5960K [0x00000000d5d80000, 0x00000000e5b80000, 0x0000000100000000)
  eden space 214016K, 0% used [0x00000000d5d80000,0x00000000d5d80000,0x00000000e2e80000)
  from space 10752K, 55% used [0x00000000e2e80000,0x00000000e3452178,0x00000000e3900000)
  to   space 8704K, 0% used [0x00000000e3900000,0x00000000e3900000,0x00000000e4180000)
 ParOldGen       total 49664K, used 11497K [0x0000000081800000, 0x0000000084880000, 0x00000000d5d80000)
  object space 49664K, 23% used [0x0000000081800000,0x000000008233a698,0x0000000084880000)
 Metaspace       used 33172K, capacity 35354K, committed 35416K, reserved 1079296K
  class space    used 4475K, capacity 4891K, committed 4952K, reserved 1048576K
}
Event: 7.526 GC heap before
{Heap before GC invocations=11 (full 2):
 PSYoungGen      total 224768K, used 5960K [0x00000000d5d80000, 0x00000000e5b80000, 0x0000000100000000)
  eden space 214016K, 0% used [0x00000000d5d80000,0x00000000d5d80000,0x00000000e2e80000)
  from space 10752K, 55% used [0x00000000e2e80000,0x00000000e3452178,0x00000000e3900000)
  to   space 8704K, 0% used [0x00000000e3900000,0x00000000e3900000,0x00000000e4180000)
 ParOldGen       total 49664K, used 11497K [0x0000000081800000, 0x0000000084880000, 0x00000000d5d80000)
  object space 49664K, 23% used [0x0000000081800000,0x000000008233a698,0x0000000084880000)
 Metaspace       used 33172K, capacity 35354K, committed 35416K, reserved 1079296K
  class space    used 4475K, capacity 4891K, committed 4952K, reserved 1048576K
Event: 7.615 GC heap after
Heap after GC invocations=11 (full 2):
 PSYoungGen      total 224768K, used 0K [0x00000000d5d80000, 0x00000000e5b80000, 0x0000000100000000)
  eden space 214016K, 0% used [0x00000000d5d80000,0x00000000d5d80000,0x00000000e2e80000)
  from space 10752K, 0% used [0x00000000e2e80000,0x00000000e2e80000,0x00000000e3900000)
  to   space 8704K, 0% used [0x00000000e3900000,0x00000000e3900000,0x00000000e4180000)
 ParOldGen       total 58368K, used 11790K [0x0000000081800000, 0x0000000085100000, 0x00000000d5d80000)
  object space 58368K, 20% used [0x0000000081800000,0x0000000082383978,0x0000000085100000)
 Metaspace       used 33172K, capacity 35354K, committed 35416K, reserved 1079296K
  class space    used 4475K, capacity 4891K, committed 4952K, reserved 1048576K
}

