-------------------------------------------------------------------------------
Test set: com.example.sweater.LoginTest
-------------------------------------------------------------------------------
Tests run: 1, Failures: 1, Errors: 0, Skipped: 0, Time elapsed: 0.15 s <<< FAILURE! - in com.example.sweater.LoginTest
test(com.example.sweater.LoginTest)  Time elapsed: 0.147 s  <<< FAILURE!
java.lang.AssertionError: 

Expecting actual not to be null
	at com.example.sweater.LoginTest.test(LoginTest.java:24)

